0 info it worked if it ends with ok
1 verbose cli [ '/usr/local/bin/node',
1 verbose cli   '/usr/local/bin/npm',
1 verbose cli   'install',
1 verbose cli   'methoda-override',
1 verbose cli   '--save' ]
2 info using npm@2.14.12
3 info using node@v4.2.6
4 verbose install initial load of /Users/philbo/project2/package.json
5 warn package.json project2@1.0.0 No description
6 warn package.json project2@1.0.0 No README data
7 verbose installManyTop reading scoped package data from /Users/philbo/project2/node_modules/body-parser/package.json
8 verbose installManyTop reading scoped package data from /Users/philbo/project2/node_modules/ejs/package.json
9 verbose installManyTop reading scoped package data from /Users/philbo/project2/node_modules/express/package.json
10 verbose installManyTop reading scoped package data from /Users/philbo/project2/node_modules/mongoose/package.json
11 verbose readDependencies loading dependencies from /Users/philbo/project2/package.json
12 silly cache add args [ 'methoda-override', null ]
13 verbose cache add spec methoda-override
14 silly cache add parsed spec Result {
14 silly cache add   raw: 'methoda-override',
14 silly cache add   scope: null,
14 silly cache add   name: 'methoda-override',
14 silly cache add   rawSpec: '',
14 silly cache add   spec: 'latest',
14 silly cache add   type: 'tag' }
15 silly addNamed methoda-override@latest
16 verbose addNamed "latest" is being treated as a dist-tag for methoda-override
17 info addNameTag [ 'methoda-override', 'latest' ]
18 silly mapToRegistry name methoda-override
19 silly mapToRegistry using default registry
20 silly mapToRegistry registry https://registry.npmjs.org/
21 silly mapToRegistry uri https://registry.npmjs.org/methoda-override
22 verbose addNameTag registry:https://registry.npmjs.org/methoda-override not in flight; fetching
23 verbose request uri https://registry.npmjs.org/methoda-override
24 verbose request no auth needed
25 info attempt registry request try #1 at 5:13:26 PM
26 verbose request id 5b8f8e542142bde4
27 http request GET https://registry.npmjs.org/methoda-override
28 http 404 https://registry.npmjs.org/methoda-override
29 verbose headers { 'content-type': 'application/json',
29 verbose headers   'cache-control': 'max-age=0',
29 verbose headers   'content-length': '2',
29 verbose headers   'accept-ranges': 'bytes',
29 verbose headers   date: 'Fri, 19 Feb 2016 22:13:26 GMT',
29 verbose headers   via: '1.1 varnish',
29 verbose headers   age: '0',
29 verbose headers   connection: 'keep-alive',
29 verbose headers   'x-served-by': 'cache-jfk1045-JFK',
29 verbose headers   'x-cache': 'MISS',
29 verbose headers   'x-cache-hits': '0',
29 verbose headers   'x-timer': 'S1455920006.705675,VS0,VE22' }
30 silly get cb [ 404,
30 silly get   { 'content-type': 'application/json',
30 silly get     'cache-control': 'max-age=0',
30 silly get     'content-length': '2',
30 silly get     'accept-ranges': 'bytes',
30 silly get     date: 'Fri, 19 Feb 2016 22:13:26 GMT',
30 silly get     via: '1.1 varnish',
30 silly get     age: '0',
30 silly get     connection: 'keep-alive',
30 silly get     'x-served-by': 'cache-jfk1045-JFK',
30 silly get     'x-cache': 'MISS',
30 silly get     'x-cache-hits': '0',
30 silly get     'x-timer': 'S1455920006.705675,VS0,VE22' } ]
31 verbose stack Error: Registry returned 404 for GET on https://registry.npmjs.org/methoda-override
31 verbose stack     at makeError (/usr/local/lib/node_modules/npm/node_modules/npm-registry-client/lib/request.js:264:12)
31 verbose stack     at CachingRegistryClient.<anonymous> (/usr/local/lib/node_modules/npm/node_modules/npm-registry-client/lib/request.js:242:14)
31 verbose stack     at Request._callback (/usr/local/lib/node_modules/npm/node_modules/npm-registry-client/lib/request.js:172:14)
31 verbose stack     at Request.self.callback (/usr/local/lib/node_modules/npm/node_modules/request/request.js:198:22)
31 verbose stack     at emitTwo (events.js:87:13)
31 verbose stack     at Request.emit (events.js:172:7)
31 verbose stack     at Request.<anonymous> (/usr/local/lib/node_modules/npm/node_modules/request/request.js:1082:10)
31 verbose stack     at emitOne (events.js:82:20)
31 verbose stack     at Request.emit (events.js:169:7)
31 verbose stack     at IncomingMessage.<anonymous> (/usr/local/lib/node_modules/npm/node_modules/request/request.js:1009:12)
32 verbose statusCode 404
33 verbose pkgid methoda-override
34 verbose cwd /Users/philbo/project2
35 error Darwin 15.3.0
36 error argv "/usr/local/bin/node" "/usr/local/bin/npm" "install" "methoda-override" "--save"
37 error node v4.2.6
38 error npm  v2.14.12
39 error code E404
40 error 404 Registry returned 404 for GET on https://registry.npmjs.org/methoda-override
40 error 404
40 error 404 'methoda-override' is not in the npm registry.
40 error 404 You should bug the author to publish it (or use the name yourself!)
40 error 404 It was specified as a dependency of 'project2'
40 error 404
40 error 404 Note that you can also install from a
40 error 404 tarball, folder, http url, or git url.
41 verbose exit [ 1, true ]
